<?xml version="1.0" encoding="UTF-8"?>
<testng-results skipped="0" failed="0" total="3" passed="3">
  <reporter-output>
  </reporter-output>
  <suite name="Default suite" duration-ms="73130" started-at="2020-02-01T12:17:39Z" finished-at="2020-02-01T12:18:52Z">
    <groups>
    </groups>
    <test name="Default test" duration-ms="73130" started-at="2020-02-01T12:17:39Z" finished-at="2020-02-01T12:18:52Z">
      <class name="tests.ComparePriceTest">
        <test-method status="PASS" signature="launchBrowser()[pri:0, instance:tests.ComparePriceTest@18be83e4]" name="launchBrowser" is-config="true" duration-ms="17351" started-at="2020-02-01T17:47:39Z" finished-at="2020-02-01T17:47:56Z">
          <reporter-output>
          </reporter-output>
        </test-method> <!-- launchBrowser -->
        <test-method status="PASS" signature="openFlipkart()[pri:0, instance:tests.ComparePriceTest@18be83e4]" name="openFlipkart" is-config="true" duration-ms="7906" started-at="2020-02-01T17:47:56Z" finished-at="2020-02-01T17:48:04Z">
          <reporter-output>
          </reporter-output>
        </test-method> <!-- openFlipkart -->
        <test-method status="PASS" signature="AgetFlipkartPrice()[pri:0, instance:tests.ComparePriceTest@18be83e4]" name="AgetFlipkartPrice" duration-ms="5870" started-at="2020-02-01T17:48:04Z" finished-at="2020-02-01T17:48:10Z">
          <reporter-output>
          </reporter-output>
        </test-method> <!-- AgetFlipkartPrice -->
        <test-method status="PASS" signature="openFlipkart()[pri:0, instance:tests.ComparePriceTest@18be83e4]" name="openFlipkart" is-config="true" duration-ms="2758" started-at="2020-02-01T17:48:10Z" finished-at="2020-02-01T17:48:13Z">
          <reporter-output>
          </reporter-output>
        </test-method> <!-- openFlipkart -->
        <test-method status="PASS" signature="BgetAmazonPrice()[pri:0, instance:tests.ComparePriceTest@18be83e4]" name="BgetAmazonPrice" duration-ms="9324" started-at="2020-02-01T17:48:13Z" finished-at="2020-02-01T17:48:22Z">
          <reporter-output>
          </reporter-output>
        </test-method> <!-- BgetAmazonPrice -->
        <test-method status="PASS" signature="openFlipkart()[pri:0, instance:tests.ComparePriceTest@18be83e4]" name="openFlipkart" is-config="true" duration-ms="5552" started-at="2020-02-01T17:48:22Z" finished-at="2020-02-01T17:48:28Z">
          <reporter-output>
          </reporter-output>
        </test-method> <!-- openFlipkart -->
        <test-method status="PASS" signature="CcomparePrice()[pri:0, instance:tests.ComparePriceTest@18be83e4]" name="CcomparePrice" duration-ms="3" started-at="2020-02-01T17:48:28Z" finished-at="2020-02-01T17:48:28Z">
          <reporter-output>
          </reporter-output>
        </test-method> <!-- CcomparePrice -->
        <test-method status="PASS" signature="closeBrowser()[pri:0, instance:tests.ComparePriceTest@18be83e4]" name="closeBrowser" is-config="true" duration-ms="24335" started-at="2020-02-01T17:48:28Z" finished-at="2020-02-01T17:48:52Z">
          <reporter-output>
          </reporter-output>
        </test-method> <!-- closeBrowser -->
      </class> <!-- tests.ComparePriceTest -->
    </test> <!-- Default test -->
  </suite> <!-- Default suite -->
</testng-results>
