<?xml version="1.0" encoding="UTF-8"?>
<!-- Generated by org.testng.reporters.JUnitXMLReporter -->
<testsuite hostname="hp-pc" name="Default test" tests="3" failures="0" timestamp="1 Feb 2020 12:18:52 GMT" time="73.13" errors="0">
  <testcase name="AgetFlipkartPrice" time="5.87" classname="tests.ComparePriceTest"/>
  <testcase name="BgetAmazonPrice" time="9.324" classname="tests.ComparePriceTest"/>
  <testcase name="CcomparePrice" time="0.003" classname="tests.ComparePriceTest"/>
</testsuite> <!-- Default test -->
